Using pre-set license

 COMMAND LINE ARGUMENTS:
/Applications/Unity/Hub/Editor/2020.3.1f1/Unity.app/Contents/MacOS/Unity
-adb2
-batchMode
-noUpm
-name
AssetImportWorker0
-projectPath
/Users/yigit/Desktop/GameGuru-CaseTwo
-logFile
Logs/AssetImportWorker0.log
-srvPort
63446
Successfully changed project path to: /Users/yigit/Desktop/GameGuru-CaseTwo
/Users/yigit/Desktop/GameGuru-CaseTwo
Using Asset Import Pipeline V2.
Refreshing native plugins compatible for Editor in 101.27 ms, found 1 plugins.
Preloading 0 native plugins for Editor in 0.00 ms.
Initialize engine version: 2020.3.1f1 (77a89f25062f)
[Subsystems] Discovering subsystems at path /Applications/Unity/Hub/Editor/2020.3.1f1/Unity.app/Contents/Resources/UnitySubsystems
[Subsystems] Discovering subsystems at path /Users/yigit/Desktop/GameGuru-CaseTwo/Assets
GfxDevice: creating device client; threaded=0
2021-08-06 12:56:06.805 Unity[56244:2474313] (null) preferred device: Apple M1 (high power)
2021-08-06 12:56:06.805 Unity[56244:2474313] Metal devices available: 1
2021-08-06 12:56:06.805 Unity[56244:2474313] 0: Apple M1 (high power)
2021-08-06 12:56:06.806 Unity[56244:2474313] Using device Apple M1 (high power)
Initializing Metal device caps: Apple M1
Initialize mono
Mono path[0] = '/Applications/Unity/Hub/Editor/2020.3.1f1/Unity.app/Contents/Managed'
Mono path[1] = '/Applications/Unity/Hub/Editor/2020.3.1f1/Unity.app/Contents/MonoBleedingEdge/lib/mono/unityjit'
Mono config path = '/Applications/Unity/Hub/Editor/2020.3.1f1/Unity.app/Contents/MonoBleedingEdge/etc'
Using monoOptions --debugger-agent=transport=dt_socket,embedding=1,server=y,suspend=n,address=127.0.0.1:56244
Begin MonoManager ReloadAssembly
Registering precompiled unity dll's ...
Register platform support module: /Applications/Unity/Hub/Editor/2020.3.1f1/Unity.app/Contents/PlaybackEngines/MacStandaloneSupport/UnityEditor.OSXStandalone.Extensions.dll
Registered in 0.001254 seconds.
Native extension for OSXStandalone target not found
Refreshing native plugins compatible for Editor in 40.91 ms, found 1 plugins.
Preloading 0 native plugins for Editor in 0.00 ms.
Invoked RoslynAnalysisRunner static constructor.
RoslynAnalysisRunner will not be running.
RoslynAnalysisRunner has terminated.
Mono: successfully reloaded assembly
- Completed reload, in  2.518 seconds
Platform modules already initialized, skipping
Registering precompiled user dll's ...
Registered in 0.001034 seconds.
Begin MonoManager ReloadAssembly
Native extension for OSXStandalone target not found
Refreshing native plugins compatible for Editor in 43.78 ms, found 1 plugins.
Preloading 0 native plugins for Editor in 0.00 ms.
Invoked RoslynAnalysisRunner static constructor.
RoslynAnalysisRunner will not be running.
RoslynAnalysisRunner has terminated.
Mono: successfully reloaded assembly
- Completed reload, in  1.833 seconds
Platform modules already initialized, skipping
========================================================================
Worker process is ready to serve import requests
Shader 'Universal Render Pipeline/Particles/Lit': fallback shader 'Universal Render Pipeline/Particles/SimpleLit' not found
Shader 'Universal Render Pipeline/Particles/Lit': fallback shader 'Universal Render Pipeline/Particles/SimpleLit' not found
Launching external process: /Applications/Unity/Hub/Editor/2020.3.1f1/Unity.app/Contents/Tools/UnityShaderCompiler
Launched and connected shader compiler UnityShaderCompiler after 0.04 seconds
Refreshing native plugins compatible for Editor in 0.40 ms, found 1 plugins.
Preloading 0 native plugins for Editor in 0.00 ms.
Unloading 2578 Unused Serialized files (Serialized files now loaded: 0)
System memory in use before: 200.8 MB.
System memory in use after: 198.5 MB.

Unloading 45 unused Assets to reduce memory usage. Loaded Objects now: 3007.
Total: 4.370334 ms (FindLiveObjects: 0.411208 ms CreateObjectMapping: 0.061375 ms MarkObjects: 2.414625 ms  DeleteObjects: 1.482167 ms)

========================================================================
Received Import Request.
  path: Assets/AllSkyFree/AllSkyDemoEnvironment
  artifactKey: Guid(baf6d48a8e73a44459aae609e441a271) Importer(815301076,1909f56bfc062723c751e8b465ee728b)
Start importing Assets/AllSkyFree/AllSkyDemoEnvironment using Guid(baf6d48a8e73a44459aae609e441a271) Importer(815301076,1909f56bfc062723c751e8b465ee728b)  -> (artifact id: '1aa59db6e9afcaed44d63bef57eb930b') in 0.011367 seconds
  Import took 0.016181 seconds .

========================================================================
Received Import Request.
  Time since last request: 0.000280 seconds.
  path: Assets/AllSkyFree
  artifactKey: Guid(1cd0f030c65024f21876b82b3bc780d6) Importer(815301076,1909f56bfc062723c751e8b465ee728b)
Start importing Assets/AllSkyFree using Guid(1cd0f030c65024f21876b82b3bc780d6) Importer(815301076,1909f56bfc062723c751e8b465ee728b)  -> (artifact id: '086527465cd92ca8f315740c6bce32a5') in 0.000820 seconds
  Import took 0.004043 seconds .

========================================================================
Received Import Request.
  Time since last request: 0.002107 seconds.
  path: Assets/AllSkyFree/Cold Night
  artifactKey: Guid(5002a90c1ac5742af853cc504426d653) Importer(815301076,1909f56bfc062723c751e8b465ee728b)
Start importing Assets/AllSkyFree/Cold Night using Guid(5002a90c1ac5742af853cc504426d653) Importer(815301076,1909f56bfc062723c751e8b465ee728b)  -> (artifact id: '68777318e1cbff6c9818b365d609ae5b') in 0.000892 seconds
  Import took 0.005395 seconds .

========================================================================
Received Import Request.
  Time since last request: 1.176224 seconds.
  path: Assets/AllSkyFree/Cartoon Base NightSky
  artifactKey: Guid(edfd7568a47754e23b20068c1847c5fb) Importer(815301076,1909f56bfc062723c751e8b465ee728b)
Start importing Assets/AllSkyFree/Cartoon Base NightSky using Guid(edfd7568a47754e23b20068c1847c5fb) Importer(815301076,1909f56bfc062723c751e8b465ee728b)  -> (artifact id: 'd1a2162bc1e24d680a0554f02698d3d1') in 0.001730 seconds
  Import took 0.010416 seconds .

========================================================================
Received Import Request.
  Time since last request: 0.719443 seconds.
  path: Assets/AllSkyFree/Cartoon Base BlueSky
  artifactKey: Guid(9f633969e0c5e4bfeba8bb43b5348d81) Importer(815301076,1909f56bfc062723c751e8b465ee728b)
Start importing Assets/AllSkyFree/Cartoon Base BlueSky using Guid(9f633969e0c5e4bfeba8bb43b5348d81) Importer(815301076,1909f56bfc062723c751e8b465ee728b)  -> (artifact id: 'f01ca41c219662d4fffe1670cf0fcd6d') in 0.001855 seconds
  Import took 0.010277 seconds .

========================================================================
Received Import Request.
  Time since last request: 0.615404 seconds.
  path: Assets/AllSkyFree/AllSkyFree_Readme.txt
  artifactKey: Guid(b5443709c18b745a19a0a71636938ca9) Importer(815301076,1909f56bfc062723c751e8b465ee728b)
Start importing Assets/AllSkyFree/AllSkyFree_Readme.txt using Guid(b5443709c18b745a19a0a71636938ca9) Importer(815301076,1909f56bfc062723c751e8b465ee728b)  -> (artifact id: 'f5ca244aa563a35c7557e95271e00a07') in 1.902366 seconds
  Import took 1.910771 seconds .

========================================================================
Received Import Request.
  Time since last request: 1.069637 seconds.
  path: Assets/AllSkyFree/AllSkyFree_Menu.cs
  artifactKey: Guid(c5dd129e81d3e470caf84a5afbf8793e) Importer(815301076,1909f56bfc062723c751e8b465ee728b)
Start importing Assets/AllSkyFree/AllSkyFree_Menu.cs using Guid(c5dd129e81d3e470caf84a5afbf8793e) Importer(815301076,1909f56bfc062723c751e8b465ee728b)  -> (artifact id: '7fc5bde057a9f1c483f47800f978139c') in 0.209582 seconds
  Import took 0.214615 seconds .

========================================================================
Received Prepare
Registering precompiled user dll's ...
Registered in 0.000673 seconds.
Begin MonoManager ReloadAssembly
Native extension for OSXStandalone target not found
Refreshing native plugins compatible for Editor in 0.57 ms, found 1 plugins.
Preloading 0 native plugins for Editor in 0.00 ms.
Invoked RoslynAnalysisRunner static constructor.
RoslynAnalysisRunner will not be running.
RoslynAnalysisRunner has terminated.
Mono: successfully reloaded assembly
- Completed reload, in  2.001 seconds
Platform modules already initialized, skipping
Shader 'Universal Render Pipeline/Particles/Lit': fallback shader 'Universal Render Pipeline/Particles/SimpleLit' not found
Shader 'Universal Render Pipeline/Particles/Lit': fallback shader 'Universal Render Pipeline/Particles/SimpleLit' not found
Refreshing native plugins compatible for Editor in 0.36 ms, found 1 plugins.
Preloading 0 native plugins for Editor in 0.00 ms.
Unloading 2488 Unused Serialized files (Serialized files now loaded: 0)
System memory in use before: 205.3 MB.
System memory in use after: 203.0 MB.

Unloading 42 unused Assets to reduce memory usage. Loaded Objects now: 3009.
Total: 3.835709 ms (FindLiveObjects: 0.319125 ms CreateObjectMapping: 0.083458 ms MarkObjects: 2.186875 ms  DeleteObjects: 1.245042 ms)

========================================================================
Received Import Request.
  Time since last request: 24.707583 seconds.
  path: Assets/AllSkyFree/Cold Sunset
  artifactKey: Guid(e45cb2dd63729436e93f61f9933371db) Importer(815301076,1909f56bfc062723c751e8b465ee728b)
Start importing Assets/AllSkyFree/Cold Sunset using Guid(e45cb2dd63729436e93f61f9933371db) Importer(815301076,1909f56bfc062723c751e8b465ee728b)  -> (artifact id: '3b47557e2018dcb0a2193996bf052845') in 0.033244 seconds
  Import took 0.056079 seconds .

========================================================================
Received Import Request.
  Time since last request: 1.202922 seconds.
  path: Assets/AllSkyFree/Deep Dusk
  artifactKey: Guid(6e2365a3b549547b998c293780300ffe) Importer(815301076,1909f56bfc062723c751e8b465ee728b)
Start importing Assets/AllSkyFree/Deep Dusk using Guid(6e2365a3b549547b998c293780300ffe) Importer(815301076,1909f56bfc062723c751e8b465ee728b)  -> (artifact id: '6a4935d1da1cbe9d6a61c4505d4077ac') in 0.002338 seconds
  Import took 0.010827 seconds .

========================================================================
Received Import Request.
  Time since last request: 0.831049 seconds.
  path: Assets/AllSkyFree/Epic_GloriousPink
  artifactKey: Guid(edc1859f6d31046c9936ffb1609fabeb) Importer(815301076,1909f56bfc062723c751e8b465ee728b)
Start importing Assets/AllSkyFree/Epic_GloriousPink using Guid(edc1859f6d31046c9936ffb1609fabeb) Importer(815301076,1909f56bfc062723c751e8b465ee728b)  -> (artifact id: 'f4a2805493b1dbe472cdf07a37787bd2') in 0.001576 seconds
  Import took 0.007324 seconds .

========================================================================
Received Import Request.
  Time since last request: 1.038707 seconds.
  path: Assets/AllSkyFree/Epic_BlueSunset
  artifactKey: Guid(6eb09a1750d2d4f609c0e79b804a9f3e) Importer(815301076,1909f56bfc062723c751e8b465ee728b)
Start importing Assets/AllSkyFree/Epic_BlueSunset using Guid(6eb09a1750d2d4f609c0e79b804a9f3e) Importer(815301076,1909f56bfc062723c751e8b465ee728b)  -> (artifact id: '0441c812c3901972963669269a370bf2') in 0.001716 seconds
  Import took 0.008125 seconds .

========================================================================
Received Import Request.
  Time since last request: 1.212936 seconds.
  path: Assets/AllSkyFree/Night MoonBurst
  artifactKey: Guid(26e352704e0b94af78a547c6d44125d9) Importer(815301076,1909f56bfc062723c751e8b465ee728b)
Start importing Assets/AllSkyFree/Night MoonBurst using Guid(26e352704e0b94af78a547c6d44125d9) Importer(815301076,1909f56bfc062723c751e8b465ee728b)  -> (artifact id: 'a2d52db43101d8bcf38047e3b3ba3809') in 0.001830 seconds
  Import took 0.007931 seconds .

========================================================================
Received Import Request.
  Time since last request: 0.828801 seconds.
  path: Assets/AllSkyFree/Overcast Low
  artifactKey: Guid(63e1d590517f54841ad8cf519edf1256) Importer(815301076,1909f56bfc062723c751e8b465ee728b)
Start importing Assets/AllSkyFree/Overcast Low using Guid(63e1d590517f54841ad8cf519edf1256) Importer(815301076,1909f56bfc062723c751e8b465ee728b)  -> (artifact id: 'ec1477993dddd803fa595816b39c601c') in 0.001320 seconds
  Import took 0.009262 seconds .

========================================================================
Received Import Request.
  Time since last request: 0.852924 seconds.
  path: Assets/AllSkyFree/Space_AnotherPlanet
  artifactKey: Guid(5aa7b9311704b43fa88e82c5ec3baa46) Importer(815301076,1909f56bfc062723c751e8b465ee728b)
Start importing Assets/AllSkyFree/Space_AnotherPlanet using Guid(5aa7b9311704b43fa88e82c5ec3baa46) Importer(815301076,1909f56bfc062723c751e8b465ee728b)  -> (artifact id: 'ec3f6a3284749addae2e492eb8d02441') in 0.003014 seconds
  Import took 0.016511 seconds .

